{"/home/tupizz/Desktop/work/ciandt-project/ciandt-project/src/errors/validation.error.ts": {"path":"/home/tupizz/Desktop/work/ciandt-project/ciandt-project/src/errors/validation.error.ts","all":false,"statementMap":{"0":{"start":{"line":1,"column":0},"end":{"line":1,"column":45}}},"s":{"0":1},"branchMap":{"0":{"type":"branch","line":1,"loc":{"start":{"line":1,"column":0},"end":{"line":1,"column":45}},"locations":[{"start":{"line":1,"column":0},"end":{"line":1,"column":45}}]},"1":{"type":"branch","line":1,"loc":{"start":{"line":1,"column":0},"end":{"line":1,"column":45}},"locations":[{"start":{"line":1,"column":0},"end":{"line":1,"column":45}}]}},"b":{"0":[1],"1":[1]},"fnMap":{"0":{"name":"ValidationError","decl":{"start":{"line":1,"column":0},"end":{"line":1,"column":45}},"loc":{"start":{"line":1,"column":0},"end":{"line":1,"column":45}},"line":1}},"f":{"0":1}}
,"/home/tupizz/Desktop/work/ciandt-project/ciandt-project/src/mappers/payload-to-job.ts": {"path":"/home/tupizz/Desktop/work/ciandt-project/ciandt-project/src/mappers/payload-to-job.ts","all":false,"statementMap":{"0":{"start":{"line":1,"column":0},"end":{"line":1,"column":61}},"1":{"start":{"line":2,"column":0},"end":{"line":2,"column":55}},"2":{"start":{"line":3,"column":0},"end":{"line":3,"column":52}},"3":{"start":{"line":4,"column":0},"end":{"line":4,"column":57}},"4":{"start":{"line":5,"column":0},"end":{"line":5,"column":0}},"5":{"start":{"line":6,"column":0},"end":{"line":6,"column":62}},"6":{"start":{"line":7,"column":0},"end":{"line":7,"column":52}},"7":{"start":{"line":8,"column":0},"end":{"line":8,"column":14}},"8":{"start":{"line":9,"column":0},"end":{"line":9,"column":32}},"9":{"start":{"line":10,"column":0},"end":{"line":10,"column":3}},"10":{"start":{"line":11,"column":0},"end":{"line":11,"column":0}},"11":{"start":{"line":12,"column":0},"end":{"line":12,"column":10}},"12":{"start":{"line":13,"column":0},"end":{"line":13,"column":38}},"13":{"start":{"line":14,"column":0},"end":{"line":14,"column":78}},"14":{"start":{"line":15,"column":0},"end":{"line":15,"column":22}},"15":{"start":{"line":16,"column":0},"end":{"line":16,"column":72}},"16":{"start":{"line":17,"column":0},"end":{"line":17,"column":4}},"17":{"start":{"line":18,"column":0},"end":{"line":18,"column":2}}},"s":{"0":1,"1":1,"2":1,"3":1,"4":1,"5":1,"6":4,"7":4,"8":1,"9":1,"10":3,"11":3,"12":3,"13":3,"14":3,"15":3,"16":3,"17":3},"branchMap":{"0":{"type":"branch","line":6,"loc":{"start":{"line":6,"column":31},"end":{"line":18,"column":2}},"locations":[{"start":{"line":6,"column":31},"end":{"line":18,"column":2}}]},"1":{"type":"branch","line":8,"loc":{"start":{"line":8,"column":13},"end":{"line":10,"column":3}},"locations":[{"start":{"line":8,"column":13},"end":{"line":10,"column":3}}]},"2":{"type":"branch","line":11,"loc":{"start":{"line":11,"column":-1},"end":{"line":18,"column":2}},"locations":[{"start":{"line":11,"column":-1},"end":{"line":18,"column":2}}]}},"b":{"0":[4],"1":[1],"2":[3]},"fnMap":{"0":{"name":"Object.<anonymous>.exports.payloadToJobDto","decl":{"start":{"line":6,"column":31},"end":{"line":18,"column":2}},"loc":{"start":{"line":6,"column":31},"end":{"line":18,"column":2}},"line":6}},"f":{"0":4}}
,"/home/tupizz/Desktop/work/ciandt-project/ciandt-project/src/mappers/schemas/payload-schema.ts": {"path":"/home/tupizz/Desktop/work/ciandt-project/ciandt-project/src/mappers/schemas/payload-schema.ts","all":false,"statementMap":{"0":{"start":{"line":1,"column":0},"end":{"line":1,"column":27}},"1":{"start":{"line":2,"column":0},"end":{"line":2,"column":0}},"2":{"start":{"line":3,"column":0},"end":{"line":3,"column":41}},"3":{"start":{"line":4,"column":0},"end":{"line":4,"column":32}},"4":{"start":{"line":5,"column":0},"end":{"line":5,"column":39}},"5":{"start":{"line":6,"column":0},"end":{"line":6,"column":42}},"6":{"start":{"line":7,"column":0},"end":{"line":7,"column":81}},"7":{"start":{"line":8,"column":0},"end":{"line":8,"column":16}},"8":{"start":{"line":9,"column":0},"end":{"line":9,"column":32}},"9":{"start":{"line":10,"column":0},"end":{"line":10,"column":42}},"10":{"start":{"line":11,"column":0},"end":{"line":11,"column":16}},"11":{"start":{"line":12,"column":0},"end":{"line":12,"column":3}}},"s":{"0":1,"1":1,"2":1,"3":1,"4":1,"5":1,"6":1,"7":1,"8":1,"9":1,"10":1,"11":1},"branchMap":{},"b":{},"fnMap":{},"f":{}}
,"/home/tupizz/Desktop/work/ciandt-project/ciandt-project/src/utils/chunk-items-by-max-time.ts": {"path":"/home/tupizz/Desktop/work/ciandt-project/ciandt-project/src/utils/chunk-items-by-max-time.ts","all":false,"statementMap":{"0":{"start":{"line":1,"column":0},"end":{"line":1,"column":48}},"1":{"start":{"line":2,"column":0},"end":{"line":2,"column":0}},"2":{"start":{"line":3,"column":0},"end":{"line":3,"column":80}},"3":{"start":{"line":4,"column":0},"end":{"line":4,"column":21}},"4":{"start":{"line":5,"column":0},"end":{"line":5,"column":21}},"5":{"start":{"line":6,"column":0},"end":{"line":6,"column":32}},"6":{"start":{"line":7,"column":0},"end":{"line":7,"column":0}},"7":{"start":{"line":8,"column":0},"end":{"line":8,"column":28}},"8":{"start":{"line":9,"column":0},"end":{"line":9,"column":72}},"9":{"start":{"line":10,"column":0},"end":{"line":10,"column":22}},"10":{"start":{"line":11,"column":0},"end":{"line":11,"column":32}},"11":{"start":{"line":12,"column":0},"end":{"line":12,"column":5}},"12":{"start":{"line":13,"column":0},"end":{"line":13,"column":0}},"13":{"start":{"line":14,"column":0},"end":{"line":14,"column":57}},"14":{"start":{"line":15,"column":0},"end":{"line":15,"column":94}},"15":{"start":{"line":16,"column":0},"end":{"line":16,"column":3}},"16":{"start":{"line":17,"column":0},"end":{"line":17,"column":0}},"17":{"start":{"line":18,"column":0},"end":{"line":18,"column":17}},"18":{"start":{"line":19,"column":0},"end":{"line":19,"column":2}}},"s":{"0":1,"1":1,"2":1,"3":2,"4":2,"5":2,"6":2,"7":2,"8":6,"9":1,"10":1,"11":1,"12":6,"13":6,"14":6,"15":6,"16":2,"17":2,"18":2},"branchMap":{"0":{"type":"branch","line":3,"loc":{"start":{"line":3,"column":42},"end":{"line":19,"column":2}},"locations":[{"start":{"line":3,"column":42},"end":{"line":19,"column":2}}]},"1":{"type":"branch","line":8,"loc":{"start":{"line":8,"column":27},"end":{"line":16,"column":3}},"locations":[{"start":{"line":8,"column":27},"end":{"line":16,"column":3}}]},"2":{"type":"branch","line":9,"loc":{"start":{"line":9,"column":71},"end":{"line":12,"column":5}},"locations":[{"start":{"line":9,"column":71},"end":{"line":12,"column":5}}]},"3":{"type":"branch","line":15,"loc":{"start":{"line":15,"column":46},"end":{"line":15,"column":82}},"locations":[{"start":{"line":15,"column":46},"end":{"line":15,"column":82}}]},"4":{"type":"branch","line":15,"loc":{"start":{"line":15,"column":82},"end":{"line":15,"column":93}},"locations":[{"start":{"line":15,"column":82},"end":{"line":15,"column":93}}]}},"b":{"0":[2],"1":[6],"2":[1],"3":[3],"4":[3]},"fnMap":{"0":{"name":"Object.<anonymous>.exports.chunkItemsIdByMaxTimeOfDay","decl":{"start":{"line":3,"column":42},"end":{"line":19,"column":2}},"loc":{"start":{"line":3,"column":42},"end":{"line":19,"column":2}},"line":3}},"f":{"0":2}}
,"/home/tupizz/Desktop/work/ciandt-project/ciandt-project/src/utils/date-utils.ts": {"path":"/home/tupizz/Desktop/work/ciandt-project/ciandt-project/src/utils/date-utils.ts","all":false,"statementMap":{"0":{"start":{"line":1,"column":0},"end":{"line":1,"column":33}},"1":{"start":{"line":2,"column":0},"end":{"line":2,"column":0}},"2":{"start":{"line":3,"column":0},"end":{"line":3,"column":54}},"3":{"start":{"line":4,"column":0},"end":{"line":4,"column":60}},"4":{"start":{"line":5,"column":0},"end":{"line":5,"column":2}}},"s":{"0":1,"1":1,"2":1,"3":3,"4":3},"branchMap":{"0":{"type":"branch","line":3,"loc":{"start":{"line":3,"column":29},"end":{"line":5,"column":2}},"locations":[{"start":{"line":3,"column":29},"end":{"line":5,"column":2}}]}},"b":{"0":[3]},"fnMap":{"0":{"name":"Object.<anonymous>.exports.getParsedDate","decl":{"start":{"line":3,"column":29},"end":{"line":5,"column":2}},"loc":{"start":{"line":3,"column":29},"end":{"line":5,"column":2}},"line":3}},"f":{"0":3}}
,"/home/tupizz/Desktop/work/ciandt-project/ciandt-project/src/utils/order-by-priority.ts": {"path":"/home/tupizz/Desktop/work/ciandt-project/ciandt-project/src/utils/order-by-priority.ts","all":false,"statementMap":{"0":{"start":{"line":1,"column":0},"end":{"line":1,"column":45}},"1":{"start":{"line":2,"column":0},"end":{"line":2,"column":0}},"2":{"start":{"line":3,"column":0},"end":{"line":3,"column":48}},"3":{"start":{"line":4,"column":0},"end":{"line":4,"column":0}},"4":{"start":{"line":5,"column":0},"end":{"line":5,"column":65}},"5":{"start":{"line":6,"column":0},"end":{"line":6,"column":52}},"6":{"start":{"line":7,"column":0},"end":{"line":7,"column":80}},"7":{"start":{"line":8,"column":0},"end":{"line":8,"column":80}},"8":{"start":{"line":9,"column":0},"end":{"line":9,"column":64}},"9":{"start":{"line":10,"column":0},"end":{"line":10,"column":5}},"10":{"start":{"line":11,"column":0},"end":{"line":11,"column":2}}},"s":{"0":1,"1":1,"2":1,"3":1,"4":1,"5":1,"6":4,"7":4,"8":4,"9":1,"10":1},"branchMap":{"0":{"type":"branch","line":5,"loc":{"start":{"line":5,"column":31},"end":{"line":11,"column":2}},"locations":[{"start":{"line":5,"column":31},"end":{"line":11,"column":2}}]},"1":{"type":"branch","line":6,"loc":{"start":{"line":6,"column":19},"end":{"line":10,"column":3}},"locations":[{"start":{"line":6,"column":19},"end":{"line":10,"column":3}}]},"2":{"type":"branch","line":9,"loc":{"start":{"line":9,"column":55},"end":{"line":9,"column":59}},"locations":[{"start":{"line":9,"column":55},"end":{"line":9,"column":59}}]},"3":{"type":"branch","line":9,"loc":{"start":{"line":9,"column":60},"end":{"line":9,"column":63}},"locations":[{"start":{"line":9,"column":60},"end":{"line":9,"column":63}}]}},"b":{"0":[1],"1":[4],"2":[2],"3":[2]},"fnMap":{"0":{"name":"Object.<anonymous>.exports.orderByPriority","decl":{"start":{"line":5,"column":31},"end":{"line":11,"column":2}},"loc":{"start":{"line":5,"column":31},"end":{"line":11,"column":2}},"line":5}},"f":{"0":1}}
}
