TN:
SF:src/errors/validation.error.ts
FN:1,ValidationError
FNF:1
FNH:1
FNDA:1,ValidationError
DA:1,1
LF:1
LH:1
BRDA:1,0,0,1
BRDA:1,1,0,1
BRF:2
BRH:2
end_of_record
TN:
SF:src/mappers/payload-to-job.ts
FN:6,Object.<anonymous>.exports.payloadToJobDto
FNF:1
FNH:1
FNDA:4,Object.<anonymous>.exports.payloadToJobDto
DA:1,1
DA:2,1
DA:3,1
DA:4,1
DA:5,1
DA:6,1
DA:7,4
DA:8,4
DA:9,1
DA:10,1
DA:11,3
DA:12,3
DA:13,3
DA:14,3
DA:15,3
DA:16,3
DA:17,3
DA:18,3
LF:18
LH:18
BRDA:6,0,0,4
BRDA:8,1,0,1
BRDA:11,2,0,3
BRF:3
BRH:3
end_of_record
TN:
SF:src/mappers/schemas/payload-schema.ts
FNF:0
FNH:0
DA:1,1
DA:2,1
DA:3,1
DA:4,1
DA:5,1
DA:6,1
DA:7,1
DA:8,1
DA:9,1
DA:10,1
DA:11,1
DA:12,1
LF:12
LH:12
BRF:0
BRH:0
end_of_record
TN:
SF:src/utils/chunk-items-by-max-time.ts
FN:3,Object.<anonymous>.exports.chunkItemsIdByMaxTimeOfDay
FNF:1
FNH:1
FNDA:2,Object.<anonymous>.exports.chunkItemsIdByMaxTimeOfDay
DA:1,1
DA:2,1
DA:3,1
DA:4,2
DA:5,2
DA:6,2
DA:7,2
DA:8,2
DA:9,6
DA:10,1
DA:11,1
DA:12,1
DA:13,6
DA:14,6
DA:15,6
DA:16,6
DA:17,2
DA:18,2
DA:19,2
LF:19
LH:19
BRDA:3,0,0,2
BRDA:8,1,0,6
BRDA:9,2,0,1
BRDA:15,3,0,3
BRDA:15,4,0,3
BRF:5
BRH:5
end_of_record
TN:
SF:src/utils/date-utils.ts
FN:3,Object.<anonymous>.exports.getParsedDate
FNF:1
FNH:1
FNDA:3,Object.<anonymous>.exports.getParsedDate
DA:1,1
DA:2,1
DA:3,1
DA:4,3
DA:5,3
LF:5
LH:5
BRDA:3,0,0,3
BRF:1
BRH:1
end_of_record
TN:
SF:src/utils/order-by-priority.ts
FN:5,Object.<anonymous>.exports.orderByPriority
FNF:1
FNH:1
FNDA:1,Object.<anonymous>.exports.orderByPriority
DA:1,1
DA:2,1
DA:3,1
DA:4,1
DA:5,1
DA:6,1
DA:7,4
DA:8,4
DA:9,4
DA:10,1
DA:11,1
LF:11
LH:11
BRDA:5,0,0,1
BRDA:6,1,0,4
BRDA:9,2,0,2
BRDA:9,3,0,2
BRF:4
BRH:4
end_of_record
