TN:
SF:src/errors/validation.error.ts
FN:1,ValidationError
FNF:1
FNH:1
FNDA:1,ValidationError
DA:1,1
LF:1
LH:1
BRDA:1,0,0,1
BRDA:1,1,0,1
BRF:2
BRH:2
end_of_record
TN:
SF:src/mappers/payload-to-job.ts
FN:7,MapPayloadToJob
FN:8,Object.<anonymous>.MapPayloadToJob.getDateFromPayload
FN:12,Object.<anonymous>.MapPayloadToJob.validate
FN:16,Object.<anonymous>.MapPayloadToJob.transform
FNF:4
FNH:3
FNDA:0,MapPayloadToJob
FNDA:3,Object.<anonymous>.MapPayloadToJob.getDateFromPayload
FNDA:4,Object.<anonymous>.MapPayloadToJob.validate
FNDA:4,Object.<anonymous>.MapPayloadToJob.transform
DA:1,1
DA:2,1
DA:3,1
DA:4,1
DA:5,1
DA:6,1
DA:7,0
DA:8,0
DA:9,3
DA:10,3
DA:11,0
DA:12,0
DA:13,4
DA:14,4
DA:15,0
DA:16,0
DA:17,4
DA:18,4
DA:19,1
DA:20,1
DA:21,3
DA:22,3
DA:23,3
DA:24,3
DA:25,3
DA:26,3
DA:27,3
DA:28,3
DA:29,0
LF:29
LH:22
BRDA:7,0,0,1
BRDA:8,1,0,3
BRDA:12,2,0,4
BRDA:16,3,0,4
BRDA:18,4,0,1
BRDA:21,5,0,3
BRF:6
BRH:6
end_of_record
TN:
SF:src/mappers/schemas/payload-schema.ts
FNF:0
FNH:0
DA:1,1
DA:2,1
DA:3,1
DA:4,1
DA:5,1
DA:6,1
DA:7,1
DA:8,1
DA:9,1
DA:10,1
DA:11,1
DA:12,1
LF:12
LH:12
BRF:0
BRH:0
end_of_record
TN:
SF:src/utils/chunk-items-by-max-time.ts
FN:3,Object.<anonymous>.exports.chunkItemsIdByMaxTimeOfDay
FNF:1
FNH:1
FNDA:2,Object.<anonymous>.exports.chunkItemsIdByMaxTimeOfDay
DA:1,1
DA:2,1
DA:3,1
DA:4,2
DA:5,2
DA:6,2
DA:7,2
DA:8,2
DA:9,6
DA:10,1
DA:11,1
DA:12,1
DA:13,6
DA:14,6
DA:15,6
DA:16,6
DA:17,2
DA:18,2
DA:19,2
LF:19
LH:19
BRDA:3,0,0,2
BRDA:8,1,0,6
BRDA:9,2,0,1
BRDA:15,3,0,3
BRDA:15,4,0,3
BRF:5
BRH:5
end_of_record
TN:
SF:src/utils/order-by-priority.ts
FN:5,Object.<anonymous>.exports.orderByPriority
FNF:1
FNH:1
FNDA:1,Object.<anonymous>.exports.orderByPriority
DA:1,1
DA:2,1
DA:3,1
DA:4,1
DA:5,1
DA:6,1
DA:7,4
DA:8,4
DA:9,4
DA:10,1
DA:11,1
LF:11
LH:11
BRDA:5,0,0,1
BRDA:6,1,0,4
BRDA:9,2,0,2
BRDA:9,3,0,2
BRF:4
BRH:4
end_of_record
